  Drona.cpp
  DronaValidator.cpp
  Laborator8.cpp
D:\lab8-11\Laborator8.cpp(9,10): warning C4067: unexpected tokens following preprocessor directive - expected a newline
  Serializer.cpp
  Serie.cpp
  Service.cpp
  Telefon.cpp
D:\lab8-11\Telefon.cpp(20,16): warning C4018: '<': signed/unsigned mismatch
  TelefonValidator.cpp
  TestDomain.cpp
  testRepository.cpp
  UI.cpp
D:\lab8-11\UI.cpp(14,19): warning C4018: '<': signed/unsigned mismatch
D:\lab8-11\UI.cpp(109,19): warning C4018: '<': signed/unsigned mismatch
  User.cpp
  Utilites.cpp
  Generating Code...
D:\lab8-11\UI.cpp(37): warning C4715: 'UI::login': not all control paths return a value
  Laborator8.vcxproj -> D:\lab8-11\Debug\Laborator8.exe
